Build started 15/10/2014 17:47:38.
     1>Project "D:\users\qin\documents\NetBeansProjects\CEC2015\c\cec2015\cec2015\cec2015.vcxproj" on node 2 (build target(s)).
     1>InitializeBuildStatus:
         Creating "Debug\cec2015.unsuccessfulbuild" because "AlwaysCreate" was specified.
       ClCompile:
         D:\Program Files (x86)\Microsoft Visual Studio 10.0\VC\bin\CL.exe /c /ZI /nologo /W3 /WX- /Od /Oy- /D _WINDOWS /D _MBCS /D _MBCS /Gm /EHsc /RTC1 /MDd /GS /fp:precise /Zc:wchar_t /Zc:forScope /Fo"Debug\\" /Fd"Debug\vc100.pdb" /Gd /TC /analyze- /errorReport:prompt ..\..\ecr_iml.c
         ecr_iml.c
     1>d:\users\qin\documents\netbeansprojects\cec2015\c\ecr_iml.c(130): warning C4996: 'sprintf': This function or variable may be unsafe. Consider using sprintf_s instead. To disable deprecation, use _CRT_SECURE_NO_WARNINGS. See online help for details.
                 d:\program files (x86)\microsoft visual studio 10.0\vc\include\stdio.h(371) : see declaration of 'sprintf'
     1>d:\users\qin\documents\netbeansprojects\cec2015\c\ecr_iml.c(132): warning C4996: 'sprintf': This function or variable may be unsafe. Consider using sprintf_s instead. To disable deprecation, use _CRT_SECURE_NO_WARNINGS. See online help for details.
                 d:\program files (x86)\microsoft visual studio 10.0\vc\include\stdio.h(371) : see declaration of 'sprintf'
     1>d:\users\qin\documents\netbeansprojects\cec2015\c\ecr_iml.c(133): warning C4996: 'fopen': This function or variable may be unsafe. Consider using fopen_s instead. To disable deprecation, use _CRT_SECURE_NO_WARNINGS. See online help for details.
                 d:\program files (x86)\microsoft visual studio 10.0\vc\include\stdio.h(234) : see declaration of 'fopen'
     1>d:\users\qin\documents\netbeansprojects\cec2015\c\ecr_iml.c(134): warning C4996: 'fopen': This function or variable may be unsafe. Consider using fopen_s instead. To disable deprecation, use _CRT_SECURE_NO_WARNINGS. See online help for details.
                 d:\program files (x86)\microsoft visual studio 10.0\vc\include\stdio.h(234) : see declaration of 'fopen'
     1>d:\users\qin\documents\netbeansprojects\cec2015\c\ecr_iml.c(140): warning C4013: 'get_record_point' undefined; assuming extern returning int
     1>d:\users\qin\documents\netbeansprojects\cec2015\c\ecr_iml.c(163): warning C4996: 'sprintf': This function or variable may be unsafe. Consider using sprintf_s instead. To disable deprecation, use _CRT_SECURE_NO_WARNINGS. See online help for details.
                 d:\program files (x86)\microsoft visual studio 10.0\vc\include\stdio.h(371) : see declaration of 'sprintf'
     1>d:\users\qin\documents\netbeansprojects\cec2015\c\ecr_iml.c(164): warning C4996: 'fopen': This function or variable may be unsafe. Consider using fopen_s instead. To disable deprecation, use _CRT_SECURE_NO_WARNINGS. See online help for details.
                 d:\program files (x86)\microsoft visual studio 10.0\vc\include\stdio.h(234) : see declaration of 'fopen'
     1>d:\users\qin\documents\netbeansprojects\cec2015\c\ecr_iml.c(194): warning C4996: 'sprintf': This function or variable may be unsafe. Consider using sprintf_s instead. To disable deprecation, use _CRT_SECURE_NO_WARNINGS. See online help for details.
                 d:\program files (x86)\microsoft visual studio 10.0\vc\include\stdio.h(371) : see declaration of 'sprintf'
     1>d:\users\qin\documents\netbeansprojects\cec2015\c\ecr_iml.c(195): warning C4996: 'fopen': This function or variable may be unsafe. Consider using fopen_s instead. To disable deprecation, use _CRT_SECURE_NO_WARNINGS. See online help for details.
                 d:\program files (x86)\microsoft visual studio 10.0\vc\include\stdio.h(234) : see declaration of 'fopen'
     1>d:\users\qin\documents\netbeansprojects\cec2015\c\ecr_iml.c(236): warning C4996: 'mkdir': The POSIX name for this item is deprecated. Instead, use the ISO C++ conformant name: _mkdir. See online help for details.
                 d:\program files (x86)\microsoft visual studio 10.0\vc\include\direct.h(124) : see declaration of 'mkdir'
     1>d:\users\qin\documents\netbeansprojects\cec2015\c\ecr_iml.c(242): warning C4996: 'strncat': This function or variable may be unsafe. Consider using strncat_s instead. To disable deprecation, use _CRT_SECURE_NO_WARNINGS. See online help for details.
                 d:\program files (x86)\microsoft visual studio 10.0\vc\include\string.h(175) : see declaration of 'strncat'
       Link:
         D:\Program Files (x86)\Microsoft Visual Studio 10.0\VC\bin\link.exe /ERRORREPORT:PROMPT /OUT:"D:\users\qin\documents\NetBeansProjects\CEC2015\c\cec2015\Debug\cec2015.exe" /NOLOGO kernel32.lib user32.lib gdi32.lib winspool.lib comdlg32.lib advapi32.lib shell32.lib ole32.lib oleaut32.lib uuid.lib odbc32.lib odbccp32.lib /MANIFEST /ManifestFile:"Debug\cec2015.exe.intermediate.manifest" /MANIFESTUAC:"level='asInvoker' uiAccess='false'" /DEBUG /PDB:"D:\users\qin\documents\NetBeansProjects\CEC2015\c\cec2015\Debug\cec2015.pdb" /TLBID:1 /DYNAMICBASE /NXCOMPAT /IMPLIB:"D:\users\qin\documents\NetBeansProjects\CEC2015\c\cec2015\Debug\cec2015.lib" /MACHINE:X86 Debug\ecr_iml.obj
         Debug\evaluation_count_iml.obj
         Debug\main.obj
         Debug\record_result_iml.obj
         Debug\rp_iml.obj
         Debug\test_func_iml.obj
         LINK : D:\users\qin\documents\NetBeansProjects\CEC2015\c\cec2015\Debug\cec2015.exe not found or not built by the last incremental link; performing full link
         cec2015.vcxproj -> D:\users\qin\documents\NetBeansProjects\CEC2015\c\cec2015\Debug\cec2015.exe
       Manifest:
         C:\Program Files (x86)\Microsoft SDKs\Windows\v7.0A\bin\mt.exe /nologo /verbose /outputresource:"D:\users\qin\documents\NetBeansProjects\CEC2015\c\cec2015\Debug\cec2015.exe;#1" /manifest Debug\cec2015.exe.intermediate.manifest
       FinalizeBuildStatus:
         Deleting file "Debug\cec2015.unsuccessfulbuild".
         Touching "Debug\cec2015.lastbuildstate".
     1>Done Building Project "D:\users\qin\documents\NetBeansProjects\CEC2015\c\cec2015\cec2015\cec2015.vcxproj" (build target(s)).

Build succeeded.

Time Elapsed 00:00:00.59
